# JRE version: OpenJDK Runtime Environment (21.0.4) (build 21.0.4+-12508038-b607.1)
# Java VM: OpenJDK 64-Bit Server VM (21.0.4+-12508038-b607.1, mixed mode, tiered, compressed oops, compressed class ptrs, g1 gc, windows-amd64)
GC Precious Log:
 CardTable entry size: 512
 Card Set container configuration: InlinePtr #cards 5 size 8 Array Of Cards #cards 12 size 40 Howl #buckets 4 coarsen threshold 1843 Howl Bitmap #cards 512 size 80 coarsen threshold 460 Card regions per heap region 1 cards per card region 2048
 CPUs: 4 total, 4 available
 Memory: 8030M
 Large Page Support: Disabled
 NUMA Support: Disabled
 Compressed Oops: Enabled (32-bit)
 Heap Region Size: 1M
 Heap Min Capacity: 8M
 Heap Initial Capacity: 126M
 Heap Max Capacity: 2G
 Pre-touch: Disabled
 Parallel Workers: 4
 Concurrent Workers: 1
 Concurrent Refinement Workers: 4
 Periodic GC: Disabled
Heap:
 garbage-first heap   total 499712K, used 449374K [0x0000000080000000, 0x0000000100000000)
  region size 1024K, 161 young (164864K), 4 survivors (4096K)
 Metaspace       used 135177K, committed 137536K, reserved 1179648K
  class space    used 18259K, committed 19456K, reserved 1048576K
GC Heap History (20 events):
Event: 35.565 GC heap before
{Heap before GC invocations=58 (full 0):
 garbage-first heap   total 280576K, used 239104K [0x0000000080000000, 0x0000000100000000)
  region size 1024K, 62 young (63488K), 8 survivors (8192K)
 Metaspace       used 119006K, committed 121216K, reserved 1179648K
  class space    used 16379K, committed 17472K, reserved 1048576K
}
Event: 35.634 GC heap after
{Heap after GC invocations=59 (full 0):
 garbage-first heap   total 280576K, used 211456K [0x0000000080000000, 0x0000000100000000)
  region size 1024K, 8 young (8192K), 8 survivors (8192K)
 Metaspace       used 119006K, committed 121216K, reserved 1179648K
  class space    used 16379K, committed 17472K, reserved 1048576K
}
Event: 35.991 GC heap before
{Heap before GC invocations=59 (full 0):
 garbage-first heap   total 280576K, used 246272K [0x0000000080000000, 0x0000000100000000)
  region size 1024K, 42 young (43008K), 8 survivors (8192K)
 Metaspace       used 119009K, committed 121216K, reserved 1179648K
  class space    used 16379K, committed 17472K, reserved 1048576K
}
Event: 36.024 GC heap after
{Heap after GC invocations=60 (full 0):
 garbage-first heap   total 280576K, used 228864K [0x0000000080000000, 0x0000000100000000)
  region size 1024K, 6 young (6144K), 6 survivors (6144K)
 Metaspace       used 119009K, committed 121216K, reserved 1179648K
  class space    used 16379K, committed 17472K, reserved 1048576K
}
Event: 38.032 GC heap before
{Heap before GC invocations=61 (full 0):
 garbage-first heap   total 382976K, used 251392K [0x0000000080000000, 0x0000000100000000)
  region size 1024K, 29 young (29696K), 6 survivors (6144K)
 Metaspace       used 121754K, committed 123968K, reserved 1179648K
  class space    used 16742K, committed 17856K, reserved 1048576K
}
Event: 38.061 GC heap after
{Heap after GC invocations=62 (full 0):
 garbage-first heap   total 382976K, used 231424K [0x0000000080000000, 0x0000000100000000)
  region size 1024K, 2 young (2048K), 2 survivors (2048K)
 Metaspace       used 121754K, committed 123968K, reserved 1179648K
  class space    used 16742K, committed 17856K, reserved 1048576K
}
Event: 40.825 GC heap before
{Heap before GC invocations=62 (full 0):
 garbage-first heap   total 382976K, used 304128K [0x0000000080000000, 0x0000000100000000)
  region size 1024K, 74 young (75776K), 2 survivors (2048K)
 Metaspace       used 123999K, committed 126208K, reserved 1179648K
  class space    used 17050K, committed 18176K, reserved 1048576K
}
Event: 40.855 GC heap after
{Heap after GC invocations=63 (full 0):
 garbage-first heap   total 382976K, used 236544K [0x0000000080000000, 0x0000000100000000)
  region size 1024K, 8 young (8192K), 8 survivors (8192K)
 Metaspace       used 123999K, committed 126208K, reserved 1179648K
  class space    used 17050K, committed 18176K, reserved 1048576K
}
Event: 41.832 GC heap before
{Heap before GC invocations=63 (full 0):
 garbage-first heap   total 382976K, used 249856K [0x0000000080000000, 0x0000000100000000)
  region size 1024K, 22 young (22528K), 8 survivors (8192K)
 Metaspace       used 124289K, committed 126464K, reserved 1179648K
  class space    used 17082K, committed 18176K, reserved 1048576K
}
Event: 41.849 GC heap after
{Heap after GC invocations=64 (full 0):
 garbage-first heap   total 382976K, used 238346K [0x0000000080000000, 0x0000000100000000)
  region size 1024K, 2 young (2048K), 2 survivors (2048K)
 Metaspace       used 124289K, committed 126464K, reserved 1179648K
  class space    used 17082K, committed 18176K, reserved 1048576K
}
Event: 46.125 GC heap before
{Heap before GC invocations=65 (full 0):
 garbage-first heap   total 382976K, used 323338K [0x0000000080000000, 0x0000000100000000)
  region size 1024K, 83 young (84992K), 2 survivors (2048K)
 Metaspace       used 125217K, committed 127424K, reserved 1179648K
  class space    used 17191K, committed 18304K, reserved 1048576K
}
Event: 46.159 GC heap after
{Heap after GC invocations=66 (full 0):
 garbage-first heap   total 382976K, used 246431K [0x0000000080000000, 0x0000000100000000)
  region size 1024K, 8 young (8192K), 8 survivors (8192K)
 Metaspace       used 125217K, committed 127424K, reserved 1179648K
  class space    used 17191K, committed 18304K, reserved 1048576K
}
Event: 48.625 GC heap before
{Heap before GC invocations=66 (full 0):
 garbage-first heap   total 382976K, used 350879K [0x0000000080000000, 0x0000000100000000)
  region size 1024K, 89 young (91136K), 8 survivors (8192K)
 Metaspace       used 125430K, committed 127616K, reserved 1179648K
  class space    used 17211K, committed 18304K, reserved 1048576K
}
Event: 48.709 GC heap after
{Heap after GC invocations=67 (full 0):
 garbage-first heap   total 382976K, used 277893K [0x0000000080000000, 0x0000000100000000)
  region size 1024K, 12 young (12288K), 12 survivors (12288K)
 Metaspace       used 125430K, committed 127616K, reserved 1179648K
  class space    used 17211K, committed 18304K, reserved 1048576K
}
Event: 50.939 GC heap before
{Heap before GC invocations=67 (full 0):
 garbage-first heap   total 382976K, used 308613K [0x0000000080000000, 0x0000000100000000)
  region size 1024K, 43 young (44032K), 12 survivors (12288K)
 Metaspace       used 125554K, committed 127744K, reserved 1179648K
  class space    used 17222K, committed 18304K, reserved 1048576K
}
Event: 51.118 GC heap after
{Heap after GC invocations=68 (full 0):
 garbage-first heap   total 499712K, used 280340K [0x0000000080000000, 0x0000000100000000)
  region size 1024K, 2 young (2048K), 2 survivors (2048K)
 Metaspace       used 125554K, committed 127744K, reserved 1179648K
  class space    used 17222K, committed 18304K, reserved 1048576K
}
Event: 99.091 GC heap before
{Heap before GC invocations=68 (full 0):
 garbage-first heap   total 499712K, used 405268K [0x0000000080000000, 0x0000000100000000)
  region size 1024K, 103 young (105472K), 2 survivors (2048K)
 Metaspace       used 127441K, committed 129664K, reserved 1179648K
  class space    used 17440K, committed 18560K, reserved 1048576K
}
Event: 99.221 GC heap after
{Heap after GC invocations=69 (full 0):
 garbage-first heap   total 499712K, used 287526K [0x0000000080000000, 0x0000000100000000)
  region size 1024K, 9 young (9216K), 9 survivors (9216K)
 Metaspace       used 127441K, committed 129664K, reserved 1179648K
  class space    used 17440K, committed 18560K, reserved 1048576K
}
Event: 108.181 GC heap before
{Heap before GC invocations=69 (full 0):
 garbage-first heap   total 499712K, used 379686K [0x0000000080000000, 0x0000000100000000)
  region size 1024K, 83 young (84992K), 9 survivors (9216K)
 Metaspace       used 130416K, committed 132672K, reserved 1179648K
  class space    used 17737K, committed 18880K, reserved 1048576K
}
Event: 108.209 GC heap after
{Heap after GC invocations=70 (full 0):
 garbage-first heap   total 499712K, used 290654K [0x0000000080000000, 0x0000000100000000)
  region size 1024K, 4 young (4096K), 4 survivors (4096K)
 Metaspace       used 130416K, committed 132672K, reserved 1179648K
  class space    used 17737K, committed 18880K, reserved 1048576K
}

