# JRE version: OpenJDK Runtime Environment (21.0.4) (build 21.0.4+-12508038-b607.1)
# Java VM: OpenJDK 64-Bit Server VM (21.0.4+-12508038-b607.1, mixed mode, tiered, compressed oops, compressed class ptrs, g1 gc, windows-amd64)
GC Precious Log:
 CardTable entry size: 512
 Card Set container configuration: InlinePtr #cards 5 size 8 Array Of Cards #cards 12 size 40 Howl #buckets 4 coarsen threshold 1843 Howl Bitmap #cards 512 size 80 coarsen threshold 460 Card regions per heap region 1 cards per card region 2048
 CPUs: 4 total, 4 available
 Memory: 8030M
 Large Page Support: Disabled
 NUMA Support: Disabled
 Compressed Oops: Enabled (32-bit)
 Heap Region Size: 1M
 Heap Min Capacity: 8M
 Heap Initial Capacity: 126M
 Heap Max Capacity: 2008M
 Pre-touch: Disabled
 Parallel Workers: 4
 Concurrent Workers: 1
 Concurrent Refinement Workers: 4
 Periodic GC: Disabled
Heap:
 garbage-first heap   total 73728K, used 47935K [0x0000000082800000, 0x0000000100000000)
  region size 1024K, 21 young (21504K), 2 survivors (2048K)
 Metaspace       used 48741K, committed 49408K, reserved 1114112K
  class space    used 5814K, committed 6144K, reserved 1048576K
GC Heap History (20 events):
Event: 2.029 GC heap before
{Heap before GC invocations=4 (full 0):
 garbage-first heap   total 30720K, used 28439K [0x0000000082800000, 0x0000000100000000)
  region size 1024K, 21 young (21504K), 2 survivors (2048K)
 Metaspace       used 24045K, committed 24256K, reserved 1114112K
  class space    used 2845K, committed 2944K, reserved 1048576K
}
Event: 2.041 GC heap after
{Heap after GC invocations=5 (full 0):
 garbage-first heap   total 36864K, used 14324K [0x0000000082800000, 0x0000000100000000)
  region size 1024K, 6 young (6144K), 6 survivors (6144K)
 Metaspace       used 24045K, committed 24256K, reserved 1114112K
  class space    used 2845K, committed 2944K, reserved 1048576K
}
Event: 2.265 GC heap before
{Heap before GC invocations=5 (full 0):
 garbage-first heap   total 36864K, used 26612K [0x0000000082800000, 0x0000000100000000)
  region size 1024K, 18 young (18432K), 6 survivors (6144K)
 Metaspace       used 28087K, committed 28352K, reserved 1114112K
  class space    used 3486K, committed 3584K, reserved 1048576K
}
Event: 2.276 GC heap after
{Heap after GC invocations=6 (full 0):
 garbage-first heap   total 36864K, used 14838K [0x0000000082800000, 0x0000000100000000)
  region size 1024K, 1 young (1024K), 1 survivors (1024K)
 Metaspace       used 28087K, committed 28352K, reserved 1114112K
  class space    used 3486K, committed 3584K, reserved 1048576K
}
Event: 2.693 GC heap before
{Heap before GC invocations=6 (full 0):
 garbage-first heap   total 36864K, used 29174K [0x0000000082800000, 0x0000000100000000)
  region size 1024K, 15 young (15360K), 1 survivors (1024K)
 Metaspace       used 30864K, committed 31040K, reserved 1114112K
  class space    used 3790K, committed 3840K, reserved 1048576K
}
Event: 2.698 GC heap after
{Heap after GC invocations=7 (full 0):
 garbage-first heap   total 36864K, used 15136K [0x0000000082800000, 0x0000000100000000)
  region size 1024K, 2 young (2048K), 2 survivors (2048K)
 Metaspace       used 30864K, committed 31040K, reserved 1114112K
  class space    used 3790K, committed 3840K, reserved 1048576K
}
Event: 2.962 GC heap before
{Heap before GC invocations=7 (full 0):
 garbage-first heap   total 36864K, used 28448K [0x0000000082800000, 0x0000000100000000)
  region size 1024K, 16 young (16384K), 2 survivors (2048K)
 Metaspace       used 33988K, committed 34112K, reserved 1114112K
  class space    used 4052K, committed 4096K, reserved 1048576K
}
Event: 2.970 GC heap after
{Heap after GC invocations=8 (full 0):
 garbage-first heap   total 45056K, used 16880K [0x0000000082800000, 0x0000000100000000)
  region size 1024K, 2 young (2048K), 2 survivors (2048K)
 Metaspace       used 33988K, committed 34112K, reserved 1114112K
  class space    used 4052K, committed 4096K, reserved 1048576K
}
Event: 3.244 GC heap before
{Heap before GC invocations=8 (full 0):
 garbage-first heap   total 45056K, used 26096K [0x0000000082800000, 0x0000000100000000)
  region size 1024K, 12 young (12288K), 2 survivors (2048K)
 Metaspace       used 35878K, committed 36160K, reserved 1114112K
  class space    used 4231K, committed 4352K, reserved 1048576K
}
Event: 3.249 GC heap after
{Heap after GC invocations=9 (full 0):
 garbage-first heap   total 45056K, used 18347K [0x0000000082800000, 0x0000000100000000)
  region size 1024K, 3 young (3072K), 3 survivors (3072K)
 Metaspace       used 35878K, committed 36160K, reserved 1114112K
  class space    used 4231K, committed 4352K, reserved 1048576K
}
Event: 3.694 GC heap before
{Heap before GC invocations=10 (full 0):
 garbage-first heap   total 45056K, used 37803K [0x0000000082800000, 0x0000000100000000)
  region size 1024K, 22 young (22528K), 3 survivors (3072K)
 Metaspace       used 39129K, committed 39808K, reserved 1114112K
  class space    used 4704K, committed 5056K, reserved 1048576K
}
Event: 3.703 GC heap after
{Heap after GC invocations=11 (full 0):
 garbage-first heap   total 45056K, used 19120K [0x0000000082800000, 0x0000000100000000)
  region size 1024K, 3 young (3072K), 3 survivors (3072K)
 Metaspace       used 39129K, committed 39808K, reserved 1114112K
  class space    used 4704K, committed 5056K, reserved 1048576K
}
Event: 4.330 GC heap before
{Heap before GC invocations=11 (full 0):
 garbage-first heap   total 45056K, used 39600K [0x0000000082800000, 0x0000000100000000)
  region size 1024K, 21 young (21504K), 3 survivors (3072K)
 Metaspace       used 43694K, committed 44416K, reserved 1114112K
  class space    used 5252K, committed 5568K, reserved 1048576K
}
Event: 4.341 GC heap after
{Heap after GC invocations=12 (full 0):
 garbage-first heap   total 46080K, used 22883K [0x0000000082800000, 0x0000000100000000)
  region size 1024K, 3 young (3072K), 3 survivors (3072K)
 Metaspace       used 43694K, committed 44416K, reserved 1114112K
  class space    used 5252K, committed 5568K, reserved 1048576K
}
Event: 4.605 GC heap before
{Heap before GC invocations=12 (full 0):
 garbage-first heap   total 46080K, used 33123K [0x0000000082800000, 0x0000000100000000)
  region size 1024K, 14 young (14336K), 3 survivors (3072K)
 Metaspace       used 44320K, committed 44992K, reserved 1114112K
  class space    used 5310K, committed 5632K, reserved 1048576K
}
Event: 4.615 GC heap after
{Heap after GC invocations=13 (full 0):
 garbage-first heap   total 46080K, used 25686K [0x0000000082800000, 0x0000000100000000)
  region size 1024K, 3 young (3072K), 3 survivors (3072K)
 Metaspace       used 44320K, committed 44992K, reserved 1114112K
  class space    used 5310K, committed 5632K, reserved 1048576K
}
Event: 4.735 GC heap before
{Heap before GC invocations=14 (full 0):
 garbage-first heap   total 46080K, used 37974K [0x0000000082800000, 0x0000000100000000)
  region size 1024K, 15 young (15360K), 3 survivors (3072K)
 Metaspace       used 44377K, committed 45056K, reserved 1114112K
  class space    used 5310K, committed 5632K, reserved 1048576K
}
Event: 4.746 GC heap after
{Heap after GC invocations=15 (full 0):
 garbage-first heap   total 46080K, used 28923K [0x0000000082800000, 0x0000000100000000)
  region size 1024K, 2 young (2048K), 2 survivors (2048K)
 Metaspace       used 44377K, committed 45056K, reserved 1114112K
  class space    used 5310K, committed 5632K, reserved 1048576K
}
Event: 4.827 GC heap before
{Heap before GC invocations=15 (full 0):
 garbage-first heap   total 46080K, used 38139K [0x0000000082800000, 0x0000000100000000)
  region size 1024K, 11 young (11264K), 2 survivors (2048K)
 Metaspace       used 44388K, committed 45056K, reserved 1114112K
  class space    used 5310K, committed 5632K, reserved 1048576K
}
Event: 4.841 GC heap after
{Heap after GC invocations=16 (full 0):
 garbage-first heap   total 73728K, used 30527K [0x0000000082800000, 0x0000000100000000)
  region size 1024K, 2 young (2048K), 2 survivors (2048K)
 Metaspace       used 44388K, committed 45056K, reserved 1114112K
  class space    used 5310K, committed 5632K, reserved 1048576K
}

